<?xml version="1.0" encoding="UTF-8"?>
<!-- Generated by org.testng.reporters.JUnitReportReporter -->
<testsuite hostname="MANJU-SHRESTHA" failures="0" tests="1" name="com.mavenproject.MavenProject.Assignment4_scenario3" time="7.086" errors="0" timestamp="2024-11-10T15:24:21 CST" skipped="0">
  <testcase classname="com.mavenproject.MavenProject.Assignment4_scenario3" name="Test3" time="7.086"/>
  <system-out/>
</testsuite> <!-- com.mavenproject.MavenProject.Assignment4_scenario3 -->
