<?xml version="1.0" encoding="UTF-8"?>
<!-- Generated by org.testng.reporters.JUnitReportReporter -->
<testsuite hostname="MANJU-SHRESTHA" failures="0" tests="1" name="com.mavenproject.MavenProject.OpenBrowser" time="5.215" errors="0" timestamp="2024-11-10T15:06:59 CST" skipped="0">
  <testcase classname="com.mavenproject.MavenProject.OpenBrowser" name="openUrl" time="5.215"/>
  <system-out/>
</testsuite> <!-- com.mavenproject.MavenProject.OpenBrowser -->
