<?xml version="1.0" encoding="UTF-8"?>
<!-- Generated by org.testng.reporters.JUnitReportReporter -->
<testsuite hostname="MANJU-SHRESTHA" failures="0" tests="2" name="com.mavenproject.MavenProject.Assignment5" time="5.167" errors="0" timestamp="2024-11-10T15:10:26 CST" skipped="0">
  <testcase classname="com.mavenproject.MavenProject.Assignment5" name="checkbox" time="3.798"/>
  <system-out/>
  <testcase classname="com.mavenproject.MavenProject.Assignment5" name="openUrl" time="1.369"/>
  <system-out/>
</testsuite> <!-- com.mavenproject.MavenProject.Assignment5 -->
