<?xml version="1.0" encoding="UTF-8"?>
<!-- Generated by org.testng.reporters.JUnitReportReporter -->
<testsuite hostname="MANJU-SHRESTHA" failures="0" tests="1" name="com.mavenproject.MavenProject.Assignment6" time="4.381" errors="0" timestamp="2024-11-10T15:13:38 CST" skipped="0">
  <testcase classname="com.mavenproject.MavenProject.Assignment6" name="action" time="4.381"/>
  <system-out/>
</testsuite> <!-- com.mavenproject.MavenProject.Assignment6 -->
