<?xml version="1.0" encoding="UTF-8"?>
<!-- Generated by org.testng.reporters.JUnitReportReporter -->
<testsuite hostname="MANJU-SHRESTHA" failures="0" tests="1" name="Assignment4.Assignment4_scenario1" time="2.480" errors="0" timestamp="2024-11-10T16:21:41 CST" skipped="0">
  <testcase classname="Assignment4.Assignment4_scenario1" name="Login" time="2.480"/>
  <system-out/>
</testsuite> <!-- Assignment4.Assignment4_scenario1 -->
