<?xml version="1.0" encoding="UTF-8"?>
<!-- Generated by org.testng.reporters.JUnitReportReporter -->
<testsuite hostname="MANJU-SHRESTHA" failures="0" tests="1" name="Assignment4.Assignment4_scenario2" time="6.541" errors="0" timestamp="2024-11-10T15:42:41 CST" skipped="0">
  <testcase classname="Assignment4.Assignment4_scenario2" name="Scenario2" time="6.541"/>
  <system-out/>
</testsuite> <!-- Assignment4.Assignment4_scenario2 -->
